{"level":"error","message":"could not be found could not be found","stack":"Error: could not be found\n    at /Users/lanre/Desktop/vidApi/routes/genres.js:10:11\n    at Layer.handleRequest (/Users/lanre/Desktop/vidApi/node_modules/router/lib/layer.js:152:17)\n    at next (/Users/lanre/Desktop/vidApi/node_modules/router/lib/route.js:157:13)\n    at Route.dispatch (/Users/lanre/Desktop/vidApi/node_modules/router/lib/route.js:117:3)\n    at handle (/Users/lanre/Desktop/vidApi/node_modules/router/index.js:435:11)\n    at Layer.handleRequest (/Users/lanre/Desktop/vidApi/node_modules/router/lib/layer.js:152:17)\n    at /Users/lanre/Desktop/vidApi/node_modules/router/index.js:295:15\n    at processParams (/Users/lanre/Desktop/vidApi/node_modules/router/index.js:582:12)\n    at next (/Users/lanre/Desktop/vidApi/node_modules/router/index.js:291:5)\n    at Function.handle (/Users/lanre/Desktop/vidApi/node_modules/router/index.js:186:3)"}
{"level":"info","message":"connected to db"}
{"level":"info","message":"connected to db"}
{"level":"info","message":"connected to db"}
{"level":"info","message":"connected to db"}
{"level":"info","message":"connected to db"}
{"level":"info","message":"connected to db"}
{"level":"info","message":"connected to db"}
{"level":"info","message":"connected to db"}
{"level":"info","message":"connected to db"}
{"level":"info","message":"connected to db"}
{"level":"info","message":"connected to db"}
{"level":"info","message":"listening on port 3001"}
{"level":"info","message":"connected to db"}
{"level":"info","message":"listening on port 3001"}
{"level":"info","message":"connected to db"}
{"level":"info","message":"listening on port 3001"}
{"level":"info","message":"connected to db"}
{"level":"info","message":"listening on port 3001"}
{"level":"info","message":"connected to db"}
{"level":"info","message":"listening on port 3001"}
{"level":"info","message":"connected to db"}
{"level":"info","message":"listening on port 3001"}
{"level":"info","message":"connected to db"}
{"level":"info","message":"listening on port 3001"}
{"level":"info","message":"connected to db"}
{"level":"info","message":"listening on port 3001"}
{"level":"info","message":"connected to db"}
{"level":"info","message":"listening on port 3001"}
{"level":"info","message":"connected to db"}
{"level":"info","message":"listening on port 3001"}
{"level":"info","message":"connected to db"}
{"level":"info","message":"listening on port 3001"}
{"level":"info","message":"connected to db"}
{"level":"info","message":"listening on port 3001"}
{"level":"info","message":"connected to db"}
{"level":"info","message":"listening on port 3001"}
{"level":"info","message":"connected to db"}
{"level":"info","message":"listening on port 3001"}
{"level":"info","message":"connected to db"}
{"level":"info","message":"listening on port 3001"}
{"level":"info","message":"connected to db"}
{"level":"info","message":"listening on port 3001"}
{"level":"info","message":"connected to db"}
{"level":"info","message":"listening on port 3001"}
{"level":"info","message":"connected to db"}
{"level":"info","message":"listening on port 3001"}
{"level":"info","message":"connected to db"}
{"level":"info","message":"listening on port 3001"}
{"level":"info","message":"connected to db"}
{"level":"info","message":"listening on port 3001"}
{"level":"info","message":"connected to db"}
{"level":"info","message":"listening on port 3001"}
{"level":"info","message":"connected to db"}
{"level":"info","message":"listening on port 3001"}
{"level":"info","message":"connected to db"}
{"level":"info","message":"listening on port 3001"}
{"level":"info","message":"connected to db"}
{"level":"info","message":"listening on port 3001"}
{"level":"info","message":"connected to db"}
{"level":"info","message":"listening on port 3001"}
{"level":"info","message":"connected to db"}
{"level":"info","message":"listening on port 3001"}
{"level":"info","message":"connected to db"}
{"level":"info","message":"listening on port 3001"}
{"level":"info","message":"connected to db"}
{"level":"info","message":"listening on port 3001"}
{"level":"info","message":"connected to db"}
{"level":"info","message":"listening on port 3001"}
{"level":"info","message":"connected to db"}
{"level":"info","message":"listening on port 3001"}
{"level":"info","message":"connected to db"}
{"level":"info","message":"listening on port 3001"}
{"level":"info","message":"connected to db"}
{"level":"info","message":"listening on port 3001"}
{"level":"info","message":"connected to db"}
{"level":"info","message":"listening on port 3001"}
{"level":"info","message":"connected to db"}
{"level":"info","message":"listening on port 3001"}
{"level":"info","message":"connected to db"}
{"level":"info","message":"listening on port 3001"}
{"level":"info","message":"connected to db "}
{"level":"info","message":"listening on port 3001"}
{"level":"info","message":"connected to mongodb://localhost/genres "}
{"level":"info","message":"listening on port 3001"}
{"level":"info","message":"connected to mongodb://localhost/genres "}
{"level":"info","message":"listening on port 3001"}
{"level":"info","message":"connected to mongodb://localhost/genres "}
{"level":"info","message":"listening on port 3001"}
{"level":"info","message":"connected to mongodb://localhost/genres "}
{"level":"info","message":"listening on port 3001"}
{"level":"info","message":"connected to mongodb://localhost/genres "}
{"level":"info","message":"listening on port 3001"}
{"level":"info","message":"connected to mongodb://localhost/genres "}
{"level":"info","message":"listening on port 3001"}
{"level":"info","message":"connected to mongodb://localhost/genres "}
{"level":"info","message":"listening on port 3001"}
{"level":"info","message":"connected to mongodb://localhost/genres "}
{"level":"info","message":"listening on port 3001"}
{"level":"info","message":"connected to mongodb://localhost/genres "}
{"level":"info","message":"listening on port 3001"}
{"level":"info","message":"connected to mongodb://localhost/genres "}
{"level":"info","message":"listening on port 3001"}
{"level":"info","message":"connected to mongodb://localhost/genres/vidly_test "}
{"$clusterTime":{"clusterTime":{"$timestamp":"7491680109741473793"},"signature":{"hash":"AAAAAAAAAAAAAAAAAAAAAAAAAAA=","keyId":0}},"code":73,"codeName":"InvalidNamespace","errorLabelSet":{},"errorResponse":{"$clusterTime":{"clusterTime":{"$timestamp":"7491680109741473793"},"signature":{"hash":"AAAAAAAAAAAAAAAAAAAAAAAAAAA=","keyId":0}},"code":73,"codeName":"InvalidNamespace","errmsg":"Invalid database name: 'genres/vidly_test'","ok":0,"operationTime":{"$timestamp":"7491680109741473793"}},"level":"error","message":"Invalid database name: 'genres/vidly_test' Invalid database name: 'genres/vidly_test'","ok":0,"operationTime":{"$timestamp":"7491680109741473793"},"stack":"MongoServerError: Invalid database name: 'genres/vidly_test'\n    at Connection.sendCommand (/Users/lanre/Desktop/vidApi/node_modules/mongodb/src/cmap/connection.ts:550:17)\n    at processTicksAndRejections (node:internal/process/task_queues:105:5)\n    at Connection.command (/Users/lanre/Desktop/vidApi/node_modules/mongodb/src/cmap/connection.ts:624:22)\n    at Server.command (/Users/lanre/Desktop/vidApi/node_modules/mongodb/src/sdam/server.ts:338:21)\n    at FindOperation.execute (/Users/lanre/Desktop/vidApi/node_modules/mongodb/src/operations/find.ts:130:12)\n    at tryOperation (/Users/lanre/Desktop/vidApi/node_modules/mongodb/src/operations/execute_operation.ts:283:14)\n    at executeOperation (/Users/lanre/Desktop/vidApi/node_modules/mongodb/src/operations/execute_operation.ts:115:12)\n    at FindCursor._initialize (/Users/lanre/Desktop/vidApi/node_modules/mongodb/src/cursor/find_cursor.ts:92:22)\n    at FindCursor.cursorInit (/Users/lanre/Desktop/vidApi/node_modules/mongodb/src/cursor/abstract_cursor.ts:944:21)\n    at FindCursor.fetchBatch (/Users/lanre/Desktop/vidApi/node_modules/mongodb/src/cursor/abstract_cursor.ts:982:7)\n    at FindCursor.next (/Users/lanre/Desktop/vidApi/node_modules/mongodb/src/cursor/abstract_cursor.ts:612:9)\n    at FindCursor.[Symbol.asyncIterator] (/Users/lanre/Desktop/vidApi/node_modules/mongodb/src/cursor/abstract_cursor.ts:506:26)\n    at FindCursor.toArray (/Users/lanre/Desktop/vidApi/node_modules/mongodb/src/cursor/abstract_cursor.ts:700:22)\n    at model.Query._find (/Users/lanre/Desktop/vidApi/node_modules/mongoose/lib/query.js:2381:14)\n    at model.Query.exec (/Users/lanre/Desktop/vidApi/node_modules/mongoose/lib/query.js:4456:63)\n    at /Users/lanre/Desktop/vidApi/routes/genres.js:10:21"}
{"level":"info","message":"listening on port 3001"}
{"level":"info","message":"connected to mongodb://localhost/genres "}
{"level":"info","message":"listening on port 3001"}
{"level":"info","message":"connected to mongodb://localhost/genres_tests "}
{"level":"info","message":"listening on port 3001"}
{"level":"info","message":"connected to mongodb://localhost/genres "}
{"level":"info","message":"listening on port 3001"}
{"level":"info","message":"connected to mongodb://localhost/genres_tests "}
{"level":"info","message":"listening on port 3001"}
{"level":"info","message":"connected to mongodb://localhost/genres "}
{"level":"info","message":"listening on port 3001"}
{"level":"info","message":"connected to mongodb://localhost/genres_tests "}
{"level":"info","message":"listening on port 3001"}
{"level":"info","message":"connected to mongodb://localhost/genres "}
{"level":"info","message":"listening on port 3001"}
{"level":"info","message":"connected to mongodb://localhost/genres "}
{"level":"info","message":"listening on port 3001"}
{"level":"info","message":"connected to mongodb://localhost/genres "}
{"level":"info","message":"listening on port 3001"}
{"level":"info","message":"connected to mongodb://localhost/genres "}
{"level":"info","message":"listening on port 3001"}
{"level":"info","message":"connected to mongodb://localhost/genres "}
{"level":"info","message":"listening on port 3001"}
{"level":"info","message":"connected to mongodb://localhost/genres_tests "}
{"level":"info","message":"listening on port 3001"}
{"level":"info","message":"connected to mongodb://localhost/genres "}
{"level":"info","message":"listening on port 3001"}
{"level":"info","message":"connected to mongodb://localhost/genres_tests "}
{"level":"info","message":"listening on port 3001"}
{"level":"info","message":"connected to mongodb://localhost/genres "}
{"level":"info","message":"listening on port 3001"}
{"level":"info","message":"connected to mongodb://localhost/genres "}
{"level":"info","message":"listening on port 3001"}
{"level":"info","message":"connected to mongodb://localhost/genres "}
{"level":"info","message":"listening on port 3001"}
{"level":"info","message":"connected to mongodb://localhost/genres "}
{"level":"info","message":"listening on port 3001"}
{"level":"info","message":"connected to mongodb://localhost/genres "}
{"level":"info","message":"listening on port 3001"}
{"level":"info","message":"connected to mongodb://localhost/genres_tests "}
{"level":"info","message":"listening on port 3001"}
{"level":"info","message":"connected to mongodb://localhost/genres "}
{"level":"info","message":"listening on port 3001"}
{"level":"info","message":"connected to mongodb://localhost/genres_tests "}
{"level":"info","message":"listening on port 3001"}
{"level":"info","message":"connected to mongodb://localhost/genres "}
{"level":"info","message":"listening on port 3001"}
{"level":"info","message":"connected to mongodb://localhost/genres_tests "}
{"level":"info","message":"listening on port 3001"}
{"level":"info","message":"connected to mongodb://localhost/genres "}
{"level":"info","message":"listening on port 3001"}
{"level":"info","message":"connected to mongodb://localhost/genres "}
{"level":"info","message":"listening on port 3001"}
{"level":"info","message":"connected to mongodb://localhost/genres_tests "}
{"level":"info","message":"listening on port 3001"}
{"level":"info","message":"connected to mongodb://localhost/genres "}
{"level":"info","message":"listening on port 3001"}
{"level":"info","message":"connected to mongodb://localhost/genres_tests "}
{"level":"info","message":"listening on port 3001"}
{"level":"info","message":"connected to mongodb://localhost/genres "}
{"level":"info","message":"listening on port 3001"}
{"level":"info","message":"connected to mongodb://localhost/genres_tests "}
{"level":"info","message":"listening on port 3001"}
{"level":"info","message":"connected to mongodb://localhost/genres "}
{"level":"info","message":"listening on port 3001"}
{"level":"info","message":"connected to mongodb://localhost/genres_tests "}
{"level":"info","message":"listening on port 3001"}
{"level":"info","message":"connected to mongodb://localhost/genres "}
{"level":"info","message":"listening on port 3001"}
{"level":"info","message":"connected to mongodb://localhost/genres_tests "}
{"kind":"ObjectId","level":"error","message":"Cast to ObjectId failed for value \"1\" (type string) at path \"_id\" for model \"Genre\" Cast to ObjectId failed for value \"1\" (type string) at path \"_id\" for model \"Genre\"","path":"_id","reason":{},"stack":"CastError: Cast to ObjectId failed for value \"1\" (type string) at path \"_id\" for model \"Genre\"\n    at SchemaObjectId.Object.<anonymous>.SchemaObjectId.cast (/Users/lanre/Desktop/vidApi/node_modules/mongoose/lib/schema/objectId.js:251:11)\n    at SchemaObjectId.Object.<anonymous>.SchemaType.applySetters (/Users/lanre/Desktop/vidApi/node_modules/mongoose/lib/schemaType.js:1255:12)\n    at SchemaObjectId.Object.<anonymous>.SchemaType.castForQuery (/Users/lanre/Desktop/vidApi/node_modules/mongoose/lib/schemaType.js:1673:17)\n    at cast (/Users/lanre/Desktop/vidApi/node_modules/mongoose/lib/cast.js:390:32)\n    at model.Query.Object.<anonymous>.Query.cast (/Users/lanre/Desktop/vidApi/node_modules/mongoose/lib/query.js:4907:12)\n    at model.Query.Object.<anonymous>.Query._castConditions (/Users/lanre/Desktop/vidApi/node_modules/mongoose/lib/query.js:2325:10)\n    at model.Query._findOne (/Users/lanre/Desktop/vidApi/node_modules/mongoose/lib/query.js:2648:8)\n    at model.Query.exec (/Users/lanre/Desktop/vidApi/node_modules/mongoose/lib/query.js:4456:80)\n    at processTicksAndRejections (node:internal/process/task_queues:105:5)\n    at /Users/lanre/Desktop/vidApi/routes/genres.js:15:17","stringValue":"\"1\"","value":"1","valueType":"string"}
{"level":"info","message":"listening on port 3001"}
{"level":"info","message":"connected to mongodb://localhost/genres "}
{"level":"info","message":"listening on port 3001"}
{"level":"info","message":"connected to mongodb://localhost/genres_tests "}
{"kind":"ObjectId","level":"error","message":"Cast to ObjectId failed for value \"1\" (type string) at path \"_id\" for model \"Genre\" Cast to ObjectId failed for value \"1\" (type string) at path \"_id\" for model \"Genre\"","path":"_id","reason":{},"stack":"CastError: Cast to ObjectId failed for value \"1\" (type string) at path \"_id\" for model \"Genre\"\n    at SchemaObjectId.Object.<anonymous>.SchemaObjectId.cast (/Users/lanre/Desktop/vidApi/node_modules/mongoose/lib/schema/objectId.js:251:11)\n    at SchemaObjectId.Object.<anonymous>.SchemaType.applySetters (/Users/lanre/Desktop/vidApi/node_modules/mongoose/lib/schemaType.js:1255:12)\n    at SchemaObjectId.Object.<anonymous>.SchemaType.castForQuery (/Users/lanre/Desktop/vidApi/node_modules/mongoose/lib/schemaType.js:1673:17)\n    at cast (/Users/lanre/Desktop/vidApi/node_modules/mongoose/lib/cast.js:390:32)\n    at model.Query.Object.<anonymous>.Query.cast (/Users/lanre/Desktop/vidApi/node_modules/mongoose/lib/query.js:4907:12)\n    at model.Query.Object.<anonymous>.Query._castConditions (/Users/lanre/Desktop/vidApi/node_modules/mongoose/lib/query.js:2325:10)\n    at model.Query._findOne (/Users/lanre/Desktop/vidApi/node_modules/mongoose/lib/query.js:2648:8)\n    at model.Query.exec (/Users/lanre/Desktop/vidApi/node_modules/mongoose/lib/query.js:4456:80)\n    at processTicksAndRejections (node:internal/process/task_queues:105:5)\n    at /Users/lanre/Desktop/vidApi/routes/genres.js:15:17","stringValue":"\"1\"","value":"1","valueType":"string"}
{"level":"info","message":"listening on port 3001"}
{"level":"info","message":"connected to mongodb://localhost/genres "}
{"level":"info","message":"listening on port 3001"}
{"level":"info","message":"connected to mongodb://localhost/genres_tests "}
{"kind":"ObjectId","level":"error","message":"Cast to ObjectId failed for value \"1\" (type string) at path \"_id\" for model \"Genre\" Cast to ObjectId failed for value \"1\" (type string) at path \"_id\" for model \"Genre\"","path":"_id","reason":{},"stack":"CastError: Cast to ObjectId failed for value \"1\" (type string) at path \"_id\" for model \"Genre\"\n    at SchemaObjectId.Object.<anonymous>.SchemaObjectId.cast (/Users/lanre/Desktop/vidApi/node_modules/mongoose/lib/schema/objectId.js:251:11)\n    at SchemaObjectId.Object.<anonymous>.SchemaType.applySetters (/Users/lanre/Desktop/vidApi/node_modules/mongoose/lib/schemaType.js:1255:12)\n    at SchemaObjectId.Object.<anonymous>.SchemaType.castForQuery (/Users/lanre/Desktop/vidApi/node_modules/mongoose/lib/schemaType.js:1673:17)\n    at cast (/Users/lanre/Desktop/vidApi/node_modules/mongoose/lib/cast.js:390:32)\n    at model.Query.Object.<anonymous>.Query.cast (/Users/lanre/Desktop/vidApi/node_modules/mongoose/lib/query.js:4907:12)\n    at model.Query.Object.<anonymous>.Query._castConditions (/Users/lanre/Desktop/vidApi/node_modules/mongoose/lib/query.js:2325:10)\n    at model.Query._findOne (/Users/lanre/Desktop/vidApi/node_modules/mongoose/lib/query.js:2648:8)\n    at model.Query.exec (/Users/lanre/Desktop/vidApi/node_modules/mongoose/lib/query.js:4456:80)\n    at processTicksAndRejections (node:internal/process/task_queues:105:5)\n    at /Users/lanre/Desktop/vidApi/routes/genres.js:15:17","stringValue":"\"1\"","value":"1","valueType":"string"}
{"level":"info","message":"listening on port 3001"}
{"level":"info","message":"connected to mongodb://localhost/genres "}
{"level":"info","message":"listening on port 3001"}
{"level":"info","message":"connected to mongodb://localhost/genres_tests "}
{"kind":"ObjectId","level":"error","message":"Cast to ObjectId failed for value \"1\" (type string) at path \"_id\" for model \"Genre\" Cast to ObjectId failed for value \"1\" (type string) at path \"_id\" for model \"Genre\"","path":"_id","reason":{},"stack":"CastError: Cast to ObjectId failed for value \"1\" (type string) at path \"_id\" for model \"Genre\"\n    at SchemaObjectId.Object.<anonymous>.SchemaObjectId.cast (/Users/lanre/Desktop/vidApi/node_modules/mongoose/lib/schema/objectId.js:251:11)\n    at SchemaObjectId.Object.<anonymous>.SchemaType.applySetters (/Users/lanre/Desktop/vidApi/node_modules/mongoose/lib/schemaType.js:1255:12)\n    at SchemaObjectId.Object.<anonymous>.SchemaType.castForQuery (/Users/lanre/Desktop/vidApi/node_modules/mongoose/lib/schemaType.js:1673:17)\n    at cast (/Users/lanre/Desktop/vidApi/node_modules/mongoose/lib/cast.js:390:32)\n    at model.Query.Object.<anonymous>.Query.cast (/Users/lanre/Desktop/vidApi/node_modules/mongoose/lib/query.js:4907:12)\n    at model.Query.Object.<anonymous>.Query._castConditions (/Users/lanre/Desktop/vidApi/node_modules/mongoose/lib/query.js:2325:10)\n    at model.Query._findOne (/Users/lanre/Desktop/vidApi/node_modules/mongoose/lib/query.js:2648:8)\n    at model.Query.exec (/Users/lanre/Desktop/vidApi/node_modules/mongoose/lib/query.js:4456:80)\n    at processTicksAndRejections (node:internal/process/task_queues:105:5)\n    at /Users/lanre/Desktop/vidApi/routes/genres.js:15:17","stringValue":"\"1\"","value":"1","valueType":"string"}
{"level":"info","message":"listening on port 3001"}
{"level":"info","message":"connected to mongodb://localhost/genres "}
{"level":"info","message":"listening on port 3001"}
{"level":"info","message":"connected to mongodb://localhost/genres_tests "}
{"kind":"ObjectId","level":"error","message":"Cast to ObjectId failed for value \"1\" (type string) at path \"_id\" for model \"Genre\" Cast to ObjectId failed for value \"1\" (type string) at path \"_id\" for model \"Genre\"","path":"_id","reason":{},"stack":"CastError: Cast to ObjectId failed for value \"1\" (type string) at path \"_id\" for model \"Genre\"\n    at SchemaObjectId.Object.<anonymous>.SchemaObjectId.cast (/Users/lanre/Desktop/vidApi/node_modules/mongoose/lib/schema/objectId.js:251:11)\n    at SchemaObjectId.Object.<anonymous>.SchemaType.applySetters (/Users/lanre/Desktop/vidApi/node_modules/mongoose/lib/schemaType.js:1255:12)\n    at SchemaObjectId.Object.<anonymous>.SchemaType.castForQuery (/Users/lanre/Desktop/vidApi/node_modules/mongoose/lib/schemaType.js:1673:17)\n    at cast (/Users/lanre/Desktop/vidApi/node_modules/mongoose/lib/cast.js:390:32)\n    at model.Query.Object.<anonymous>.Query.cast (/Users/lanre/Desktop/vidApi/node_modules/mongoose/lib/query.js:4907:12)\n    at model.Query.Object.<anonymous>.Query._castConditions (/Users/lanre/Desktop/vidApi/node_modules/mongoose/lib/query.js:2325:10)\n    at model.Query._findOne (/Users/lanre/Desktop/vidApi/node_modules/mongoose/lib/query.js:2648:8)\n    at model.Query.exec (/Users/lanre/Desktop/vidApi/node_modules/mongoose/lib/query.js:4456:80)\n    at processTicksAndRejections (node:internal/process/task_queues:105:5)\n    at /Users/lanre/Desktop/vidApi/routes/genres.js:15:17","stringValue":"\"1\"","value":"1","valueType":"string"}
{"level":"info","message":"listening on port 3001"}
{"level":"info","message":"connected to mongodb://localhost/genres "}
{"level":"info","message":"listening on port 3001"}
{"level":"info","message":"connected to mongodb://localhost/genres_tests "}
{"kind":"ObjectId","level":"error","message":"Cast to ObjectId failed for value \"1\" (type string) at path \"_id\" for model \"Genre\" Cast to ObjectId failed for value \"1\" (type string) at path \"_id\" for model \"Genre\"","path":"_id","reason":{},"stack":"CastError: Cast to ObjectId failed for value \"1\" (type string) at path \"_id\" for model \"Genre\"\n    at SchemaObjectId.Object.<anonymous>.SchemaObjectId.cast (/Users/lanre/Desktop/vidApi/node_modules/mongoose/lib/schema/objectId.js:251:11)\n    at SchemaObjectId.Object.<anonymous>.SchemaType.applySetters (/Users/lanre/Desktop/vidApi/node_modules/mongoose/lib/schemaType.js:1255:12)\n    at SchemaObjectId.Object.<anonymous>.SchemaType.castForQuery (/Users/lanre/Desktop/vidApi/node_modules/mongoose/lib/schemaType.js:1673:17)\n    at cast (/Users/lanre/Desktop/vidApi/node_modules/mongoose/lib/cast.js:390:32)\n    at model.Query.Object.<anonymous>.Query.cast (/Users/lanre/Desktop/vidApi/node_modules/mongoose/lib/query.js:4907:12)\n    at model.Query.Object.<anonymous>.Query._castConditions (/Users/lanre/Desktop/vidApi/node_modules/mongoose/lib/query.js:2325:10)\n    at model.Query._findOne (/Users/lanre/Desktop/vidApi/node_modules/mongoose/lib/query.js:2648:8)\n    at model.Query.exec (/Users/lanre/Desktop/vidApi/node_modules/mongoose/lib/query.js:4456:80)\n    at processTicksAndRejections (node:internal/process/task_queues:105:5)\n    at /Users/lanre/Desktop/vidApi/routes/genres.js:16:17","stringValue":"\"1\"","value":"1","valueType":"string"}
{"level":"info","message":"listening on port 3001"}
{"level":"info","message":"connected to mongodb://localhost/genres "}
{"level":"info","message":"listening on port 3001"}
{"level":"info","message":"connected to mongodb://localhost/genres_tests "}
{"kind":"ObjectId","level":"error","message":"Cast to ObjectId failed for value \"1\" (type string) at path \"_id\" for model \"Genre\" Cast to ObjectId failed for value \"1\" (type string) at path \"_id\" for model \"Genre\"","path":"_id","reason":{},"stack":"CastError: Cast to ObjectId failed for value \"1\" (type string) at path \"_id\" for model \"Genre\"\n    at SchemaObjectId.Object.<anonymous>.SchemaObjectId.cast (/Users/lanre/Desktop/vidApi/node_modules/mongoose/lib/schema/objectId.js:251:11)\n    at SchemaObjectId.Object.<anonymous>.SchemaType.applySetters (/Users/lanre/Desktop/vidApi/node_modules/mongoose/lib/schemaType.js:1255:12)\n    at SchemaObjectId.Object.<anonymous>.SchemaType.castForQuery (/Users/lanre/Desktop/vidApi/node_modules/mongoose/lib/schemaType.js:1673:17)\n    at cast (/Users/lanre/Desktop/vidApi/node_modules/mongoose/lib/cast.js:390:32)\n    at model.Query.Object.<anonymous>.Query.cast (/Users/lanre/Desktop/vidApi/node_modules/mongoose/lib/query.js:4907:12)\n    at model.Query.Object.<anonymous>.Query._castConditions (/Users/lanre/Desktop/vidApi/node_modules/mongoose/lib/query.js:2325:10)\n    at model.Query._findOne (/Users/lanre/Desktop/vidApi/node_modules/mongoose/lib/query.js:2648:8)\n    at model.Query.exec (/Users/lanre/Desktop/vidApi/node_modules/mongoose/lib/query.js:4456:80)\n    at processTicksAndRejections (node:internal/process/task_queues:105:5)\n    at /Users/lanre/Desktop/vidApi/routes/genres.js:16:17","stringValue":"\"1\"","value":"1","valueType":"string"}
{"level":"info","message":"listening on port 3001"}
{"level":"info","message":"connected to mongodb://localhost/genres "}
{"level":"info","message":"listening on port 3001"}
{"level":"info","message":"listening on port 3001"}
{"level":"info","message":"connected to mongodb://localhost/genres "}
{"level":"info","message":"connected to mongodb://localhost/genres "}
{"level":"info","message":"listening on port 3001"}
{"level":"info","message":"connected to mongodb://localhost/genres_tests "}
{"level":"info","message":"listening on port 3001"}
{"level":"info","message":"connected to mongodb://localhost/genres "}
{"level":"info","message":"listening on port 3001"}
{"level":"info","message":"connected to mongodb://localhost/genres_tests "}
{"level":"info","message":"listening on port 3001"}
{"level":"info","message":"connected to mongodb://localhost/genres "}
{"level":"info","message":"listening on port 3001"}
{"level":"info","message":"connected to mongodb://localhost/genres_tests "}
{"level":"info","message":"listening on port 3001"}
{"level":"info","message":"connected to mongodb://localhost/genres "}
{"level":"info","message":"listening on port 3001"}
{"level":"info","message":"connected to mongodb://localhost/genres_tests "}
{"level":"info","message":"listening on port 3001"}
{"level":"info","message":"connected to mongodb://localhost/genres "}
{"level":"info","message":"listening on port 3001"}
{"level":"info","message":"connected to mongodb://localhost/genres "}
{"level":"info","message":"listening on port 3001"}
{"level":"info","message":"connected to mongodb://localhost/genres_tests "}
{"level":"info","message":"listening on port 3001"}
{"level":"info","message":"connected to mongodb://localhost/genres "}
{"level":"info","message":"listening on port 3001"}
{"level":"info","message":"connected to mongodb://localhost/genres_tests "}
{"level":"info","message":"listening on port 3001"}
{"level":"info","message":"connected to mongodb://localhost/genres "}
{"level":"info","message":"listening on port 3001"}
{"level":"info","message":"connected to mongodb://localhost/genres_tests "}
{"level":"info","message":"listening on port 3001"}
{"level":"info","message":"connected to mongodb://localhost/genres "}
{"level":"info","message":"listening on port 3001"}
{"level":"info","message":"connected to mongodb://localhost/genres_tests "}
{"level":"info","message":"listening on port 3001"}
{"level":"info","message":"connected to mongodb://localhost/genres "}
{"level":"info","message":"listening on port 3001"}
{"level":"info","message":"connected to mongodb://localhost/genres_tests "}
{"level":"info","message":"listening on port 3001"}
{"level":"info","message":"connected to mongodb://localhost/genres "}
{"level":"info","message":"listening on port 3001"}
{"level":"info","message":"connected to mongodb://localhost/genres_tests "}
{"level":"info","message":"listening on port 3001"}
{"level":"info","message":"connected to mongodb://localhost/genres "}
{"level":"info","message":"listening on port 3001"}
{"level":"info","message":"connected to mongodb://localhost/genres_tests "}
{"level":"info","message":"listening on port 3001"}
{"level":"info","message":"connected to mongodb://localhost/genres "}
{"level":"info","message":"listening on port 3001"}
{"level":"info","message":"connected to mongodb://localhost/genres "}
{"level":"info","message":"listening on port 3001"}
{"level":"info","message":"connected to mongodb://localhost/genres_tests "}
{"level":"info","message":"listening on port 3001"}
{"level":"info","message":"connected to mongodb://localhost/genres "}
{"level":"info","message":"listening on port 3001"}
{"level":"info","message":"connected to mongodb://localhost/genres_tests "}
{"level":"info","message":"listening on port 3001"}
{"level":"info","message":"connected to mongodb://localhost/genres "}
{"level":"info","message":"listening on port 3001"}
{"level":"info","message":"connected to mongodb://localhost/genres_tests "}
{"level":"info","message":"listening on port 3001"}
{"level":"info","message":"connected to mongodb://localhost/genres "}
{"level":"info","message":"listening on port 3001"}
{"level":"info","message":"connected to mongodb://localhost/genres_tests "}
{"level":"info","message":"listening on port 3001"}
{"level":"info","message":"connected to mongodb://localhost/genres "}
{"level":"info","message":"listening on port 3001"}
{"level":"info","message":"connected to mongodb://localhost/genres_tests "}
{"level":"info","message":"listening on port 3001"}
{"level":"info","message":"connected to mongodb://localhost/genres "}
{"level":"info","message":"listening on port 3001"}
{"level":"info","message":"connected to mongodb://localhost/genres_tests "}
{"level":"info","message":"listening on port 3001"}
{"level":"info","message":"connected to mongodb://localhost/genres "}
{"level":"info","message":"listening on port 3001"}
{"level":"info","message":"connected to mongodb://localhost/genres_tests "}
{"level":"info","message":"listening on port 3001"}
{"level":"info","message":"connected to mongodb://localhost/genres_tests "}
{"level":"info","message":"listening on port 3001"}
{"level":"info","message":"connected to mongodb://localhost/genres "}
{"level":"info","message":"listening on port 3001"}
{"level":"info","message":"connected to mongodb://localhost/genres_tests "}
{"level":"info","message":"listening on port 3001"}
{"level":"info","message":"connected to mongodb://localhost/genres_tests "}
{"level":"info","message":"listening on port 3001"}
{"level":"info","message":"connected to mongodb://localhost/genres "}
{"level":"info","message":"listening on port 3001"}
{"level":"info","message":"connected to mongodb://localhost/genres_tests "}
{"level":"info","message":"listening on port 3001"}
{"level":"info","message":"connected to mongodb://localhost/genres "}
{"level":"info","message":"listening on port 3001"}
{"level":"info","message":"connected to mongodb://localhost/genres_tests "}
{"level":"info","message":"listening on port 3001"}
{"level":"info","message":"connected to mongodb://localhost/genres "}
{"level":"info","message":"listening on port 3001"}
{"level":"info","message":"connected to mongodb://localhost/genres_tests "}
{"level":"info","message":"listening on port 3001"}
{"level":"info","message":"connected to mongodb://localhost/genres "}
{"level":"info","message":"listening on port 3001"}
{"level":"info","message":"connected to mongodb://localhost/genres_tests "}
{"level":"info","message":"listening on port 3001"}
{"level":"info","message":"connected to mongodb://localhost/genres_tests "}
{"level":"info","message":"listening on port 3001"}
{"level":"info","message":"connected to mongodb://localhost/genres "}
{"level":"info","message":"listening on port 3001"}
{"level":"info","message":"connected to mongodb://localhost/genres_tests "}
{"level":"info","message":"listening on port 3001"}
{"level":"info","message":"connected to mongodb://localhost/genres_tests "}
{"level":"info","message":"listening on port 3001"}
{"level":"info","message":"connected to mongodb://localhost/genres "}
{"level":"info","message":"listening on port 3001"}
{"level":"info","message":"connected to mongodb://localhost/genres_tests "}
{"level":"info","message":"listening on port 3001"}
{"level":"info","message":"connected to mongodb://localhost/genres_tests "}
{"level":"info","message":"listening on port 3001"}
{"level":"info","message":"connected to mongodb://localhost/genres "}
{"level":"info","message":"listening on port 3001"}
{"level":"info","message":"connected to mongodb://localhost/genres_tests "}
{"level":"info","message":"listening on port 3001"}
{"level":"info","message":"connected to mongodb://localhost/genres_tests "}
{"level":"info","message":"listening on port 3001"}
{"level":"info","message":"connected to mongodb://localhost/genres "}
{"level":"info","message":"listening on port 3001"}
{"level":"info","message":"connected to mongodb://localhost/genres_tests "}
{"level":"info","message":"listening on port 3001"}
{"level":"info","message":"connected to mongodb://localhost/genres_tests "}
{"level":"info","message":"listening on port 3001"}
{"level":"info","message":"connected to mongodb://localhost/genres "}
{"level":"info","message":"listening on port 3001"}
{"level":"info","message":"connected to mongodb://localhost/genres_tests "}
{"level":"info","message":"listening on port 3001"}
{"level":"info","message":"connected to mongodb://localhost/genres_tests "}
{"level":"info","message":"listening on port 3001"}
{"level":"info","message":"connected to mongodb://localhost/genres "}
{"level":"info","message":"listening on port 3001"}
{"level":"info","message":"connected to mongodb://localhost/genres_tests "}
{"level":"info","message":"listening on port 3001"}
{"level":"info","message":"connected to mongodb://localhost/genres_tests "}
{"level":"info","message":"listening on port 3001"}
{"level":"info","message":"connected to mongodb://localhost/genres "}
{"level":"info","message":"listening on port 3001"}
{"level":"info","message":"connected to mongodb://localhost/genres_tests "}
{"level":"info","message":"listening on port 3001"}
{"level":"info","message":"connected to mongodb://localhost/genres_tests "}
{"level":"info","message":"listening on port 3001"}
{"level":"info","message":"connected to mongodb://localhost/genres "}
{"level":"info","message":"listening on port 3001"}
{"level":"info","message":"listening on port 3001"}
{"level":"info","message":"connected to mongodb://localhost/genres_tests "}
{"level":"info","message":"connected to mongodb://localhost/genres_tests "}
{"level":"info","message":"listening on port 3001"}
{"level":"info","message":"connected to mongodb://localhost/genres "}
{"level":"info","message":"listening on port 3001"}
{"level":"info","message":"listening on port 3001"}
{"level":"info","message":"connected to mongodb://localhost/genres_tests "}
{"level":"info","message":"connected to mongodb://localhost/genres_tests "}
{"level":"info","message":"listening on port 3001"}
{"level":"info","message":"connected to mongodb://localhost/genres "}
{"level":"info","message":"listening on port 3001"}
{"level":"info","message":"connected to mongodb://localhost/genres_tests "}
{"level":"info","message":"listening on port 3001"}
{"level":"info","message":"connected to mongodb://localhost/genres_tests "}
{"level":"info","message":"listening on port 3001"}
{"level":"info","message":"connected to mongodb://localhost/genres "}
{"level":"info","message":"listening on port 3001"}
{"level":"info","message":"listening on port 3001"}
{"level":"info","message":"connected to mongodb://localhost/genres_tests "}
{"level":"info","message":"connected to mongodb://localhost/genres_tests "}
{"level":"info","message":"listening on port 3001"}
{"level":"info","message":"connected to mongodb://localhost/genres "}
{"level":"info","message":"listening on port 3001"}
{"level":"info","message":"listening on port 3001"}
{"level":"info","message":"connected to mongodb://localhost/genres_tests "}
{"level":"info","message":"connected to mongodb://localhost/genres_tests "}
{"level":"info","message":"listening on port 3001"}
{"level":"info","message":"connected to mongodb://localhost/genres "}
{"level":"info","message":"listening on port 3001"}
{"level":"info","message":"connected to mongodb://localhost/genres_tests "}
{"level":"info","message":"listening on port 3001"}
{"level":"info","message":"connected to mongodb://localhost/genres_tests "}
{"level":"info","message":"listening on port 3001"}
{"level":"info","message":"connected to mongodb://localhost/genres "}
{"level":"info","message":"listening on port 3001"}
{"level":"info","message":"connected to mongodb://localhost/genres_tests "}
{"level":"info","message":"listening on port 3001"}
{"level":"info","message":"connected to mongodb://localhost/genres_tests "}
{"level":"info","message":"listening on port 3001"}
{"level":"info","message":"connected to mongodb://localhost/genres "}
{"level":"info","message":"listening on port 3001"}
{"level":"info","message":"connected to mongodb://localhost/genres_tests "}
{"level":"info","message":"listening on port 3001"}
{"level":"info","message":"connected to mongodb://localhost/genres_tests "}
{"level":"info","message":"listening on port 3001"}
{"level":"info","message":"connected to mongodb://localhost/genres "}
{"level":"info","message":"listening on port 3001"}
{"level":"info","message":"connected to mongodb://localhost/genres_tests "}
{"level":"info","message":"listening on port 3001"}
{"level":"info","message":"connected to mongodb://localhost/genres_tests "}
{"level":"info","message":"listening on port 3001"}
{"level":"info","message":"connected to mongodb://localhost/genres "}
{"level":"info","message":"listening on port 3001"}
{"level":"info","message":"connected to mongodb://localhost/genres "}
{"level":"info","message":"listening on port 3001"}
{"level":"info","message":"connected to mongodb://localhost/genres "}
{"level":"info","message":"listening on port 3001"}
{"level":"info","message":"connected to mongodb://localhost/genres "}
{"level":"info","message":"listening on port 3001"}
{"level":"info","message":"connected to mongodb://localhost/genres "}
{"level":"info","message":"listening on port 3001"}
{"level":"info","message":"connected to mongodb://localhost/genres "}
{"level":"info","message":"listening on port 3001"}
{"level":"info","message":"connected to mongodb://localhost/genres "}
{"level":"info","message":"listening on port 3001"}
{"level":"info","message":"connected to mongodb://localhost/genres "}
{"level":"info","message":"listening on port 3001"}
{"level":"info","message":"connected to mongodb://localhost/genres "}
{"level":"info","message":"listening on port 3001"}
{"level":"info","message":"connected to mongodb://localhost/genres "}
{"level":"info","message":"listening on port 3001"}
{"level":"info","message":"connected to mongodb://localhost/genres "}
